[0416/210749.870:INFO:CONSOLE(0)] "Error with Permissions-Policy header: Feature xr-spatial-tracking's parameters are ignored.", source:  (0)
[0416/210749.870:INFO:CONSOLE(0)] "Error with Permissions-Policy header: Origin trial controlled feature not enabled: 'attribution-reporting'.", source:  (0)
[0416/210749.872:INFO:CONSOLE(0)] "Error with Permissions-Policy header: Unrecognized feature: 'compute-pressure'.", source:  (0)
[0416/210749.872:INFO:CONSOLE(0)] "Error with Permissions-Policy header: Origin trial controlled feature not enabled: 'interest-cohort'.", source:  (0)
[0416/210749.872:INFO:CONSOLE(0)] "Error with Permissions-Policy header: Unrecognized feature: 'private-state-token-issuance'.", source:  (0)
[0416/210749.872:INFO:CONSOLE(0)] "Error with Permissions-Policy header: Origin trial controlled feature not enabled: 'shared-storage'.", source:  (0)
[0416/210749.873:INFO:CONSOLE(0)] "Error with Permissions-Policy header: Unrecognized feature: 'shared-storage-select-url'.", source:  (0)
[0416/210749.873:INFO:CONSOLE(0)] "Error with Permissions-Policy header: Unrecognized feature: 'private-state-token-redemption'.", source:  (0)
[0416/210749.873:INFO:CONSOLE(0)] "Error with Permissions-Policy header: Unrecognized feature: 'unload'.", source:  (0)
[0416/210749.873:INFO:CONSOLE(0)] "Error with Permissions-Policy header: Unrecognized feature: 'window-management'.", source:  (0)
[0416/210752.749:INFO:CONSOLE(152)] "Event handler of 'x-storagemutated-1' event must be added on the initial evaluation of worker script.", source: https://static.whatsapp.net/rsrc.php/v4/y6/r/s914Gg6JMd8.js (152)
[0416/211341.137:INFO:CONSOLE(152)] "Event handler of 'x-storagemutated-1' event must be added on the initial evaluation of worker script.", source: https://static.whatsapp.net/rsrc.php/v4/y6/r/s914Gg6JMd8.js (152)
[0416/211351.413:INFO:CONSOLE(1760)] "Failed to parse video contentType: video/mp4; codecs=avc1.42000a", source: https://static.whatsapp.net/rsrc.php/v4iR5P4/yw/l/rt/E86CPv_ROgr.js (1760)
[0416/211351.415:INFO:CONSOLE(1760)] "Failed to parse video contentType: video/mp4; codecs=hev1.1.6.L93.B0", source: https://static.whatsapp.net/rsrc.php/v4iR5P4/yw/l/rt/E86CPv_ROgr.js (1760)
[0416/211430.755:INFO:CONSOLE(152)] "Event handler of 'x-storagemutated-1' event must be added on the initial evaluation of worker script.", source: https://static.whatsapp.net/rsrc.php/v4/y6/r/s914Gg6JMd8.js (152)
[0416/211556.393:INFO:CONSOLE(152)] "Event handler of 'x-storagemutated-1' event must be added on the initial evaluation of worker script.", source: https://static.whatsapp.net/rsrc.php/v4/y6/r/s914Gg6JMd8.js (152)
[0416/211638.486:INFO:CONSOLE(152)] "Event handler of 'x-storagemutated-1' event must be added on the initial evaluation of worker script.", source: https://static.whatsapp.net/rsrc.php/v4/y6/r/s914Gg6JMd8.js (152)
[0416/211716.842:INFO:CONSOLE(152)] "Event handler of 'x-storagemutated-1' event must be added on the initial evaluation of worker script.", source: https://static.whatsapp.net/rsrc.php/v4/y6/r/s914Gg6JMd8.js (152)
[0416/211758.901:INFO:CONSOLE(152)] "Event handler of 'x-storagemutated-1' event must be added on the initial evaluation of worker script.", source: https://static.whatsapp.net/rsrc.php/v4/y6/r/s914Gg6JMd8.js (152)
[0416/211956.024:INFO:CONSOLE(152)] "Event handler of 'x-storagemutated-1' event must be added on the initial evaluation of worker script.", source: https://static.whatsapp.net/rsrc.php/v4/y6/r/s914Gg6JMd8.js (152)
[0416/212038.454:INFO:CONSOLE(152)] "Event handler of 'x-storagemutated-1' event must be added on the initial evaluation of worker script.", source: https://static.whatsapp.net/rsrc.php/v4/y6/r/s914Gg6JMd8.js (152)
[0416/212119.610:INFO:CONSOLE(152)] "Event handler of 'x-storagemutated-1' event must be added on the initial evaluation of worker script.", source: https://static.whatsapp.net/rsrc.php/v4/y6/r/s914Gg6JMd8.js (152)
[0416/212240.139:INFO:CONSOLE(152)] "Event handler of 'x-storagemutated-1' event must be added on the initial evaluation of worker script.", source: https://static.whatsapp.net/rsrc.php/v4/y6/r/s914Gg6JMd8.js (152)
[0416/212337.266:INFO:CONSOLE(152)] "Event handler of 'x-storagemutated-1' event must be added on the initial evaluation of worker script.", source: https://static.whatsapp.net/rsrc.php/v4/y6/r/s914Gg6JMd8.js (152)
[0416/212420.441:INFO:CONSOLE(152)] "Event handler of 'x-storagemutated-1' event must be added on the initial evaluation of worker script.", source: https://static.whatsapp.net/rsrc.php/v4/y6/r/s914Gg6JMd8.js (152)
[0416/212458.134:INFO:CONSOLE(152)] "Event handler of 'x-storagemutated-1' event must be added on the initial evaluation of worker script.", source: https://static.whatsapp.net/rsrc.php/v4/y6/r/s914Gg6JMd8.js (152)
[0416/212627.027:INFO:CONSOLE(152)] "Event handler of 'x-storagemutated-1' event must be added on the initial evaluation of worker script.", source: https://static.whatsapp.net/rsrc.php/v4/y6/r/s914Gg6JMd8.js (152)
[0416/212720.002:INFO:CONSOLE(152)] "Event handler of 'x-storagemutated-1' event must be added on the initial evaluation of worker script.", source: https://static.whatsapp.net/rsrc.php/v4/y6/r/s914Gg6JMd8.js (152)
[0416/212822.926:INFO:CONSOLE(152)] "Event handler of 'x-storagemutated-1' event must be added on the initial evaluation of worker script.", source: https://static.whatsapp.net/rsrc.php/v4/y6/r/s914Gg6JMd8.js (152)
[0416/212917.791:INFO:CONSOLE(152)] "Event handler of 'x-storagemutated-1' event must be added on the initial evaluation of worker script.", source: https://static.whatsapp.net/rsrc.php/v4/y6/r/s914Gg6JMd8.js (152)
[0416/213020.685:INFO:CONSOLE(152)] "Event handler of 'x-storagemutated-1' event must be added on the initial evaluation of worker script.", source: https://static.whatsapp.net/rsrc.php/v4/y6/r/s914Gg6JMd8.js (152)
[0416/213129.848:INFO:CONSOLE(152)] "Event handler of 'x-storagemutated-1' event must be added on the initial evaluation of worker script.", source: https://static.whatsapp.net/rsrc.php/v4/y6/r/s914Gg6JMd8.js (152)
[0416/213233.717:INFO:CONSOLE(152)] "Event handler of 'x-storagemutated-1' event must be added on the initial evaluation of worker script.", source: https://static.whatsapp.net/rsrc.php/v4/y6/r/s914Gg6JMd8.js (152)
[0416/213358.655:INFO:CONSOLE(152)] "Event handler of 'x-storagemutated-1' event must be added on the initial evaluation of worker script.", source: https://static.whatsapp.net/rsrc.php/v4/y6/r/s914Gg6JMd8.js (152)
[0416/213449.186:INFO:CONSOLE(152)] "Event handler of 'x-storagemutated-1' event must be added on the initial evaluation of worker script.", source: https://static.whatsapp.net/rsrc.php/v4/y6/r/s914Gg6JMd8.js (152)
[0416/213540.420:INFO:CONSOLE(152)] "Event handler of 'x-storagemutated-1' event must be added on the initial evaluation of worker script.", source: https://static.whatsapp.net/rsrc.php/v4/y6/r/s914Gg6JMd8.js (152)
[0416/213628.235:INFO:CONSOLE(152)] "Event handler of 'x-storagemutated-1' event must be added on the initial evaluation of worker script.", source: https://static.whatsapp.net/rsrc.php/v4/y6/r/s914Gg6JMd8.js (152)
[0416/213720.287:INFO:CONSOLE(152)] "Event handler of 'x-storagemutated-1' event must be added on the initial evaluation of worker script.", source: https://static.whatsapp.net/rsrc.php/v4/y6/r/s914Gg6JMd8.js (152)
[0416/213757.624:INFO:CONSOLE(152)] "Event handler of 'x-storagemutated-1' event must be added on the initial evaluation of worker script.", source: https://static.whatsapp.net/rsrc.php/v4/y6/r/s914Gg6JMd8.js (152)
[0416/214133.944:INFO:CONSOLE(152)] "Event handler of 'x-storagemutated-1' event must be added on the initial evaluation of worker script.", source: https://static.whatsapp.net/rsrc.php/v4/y6/r/s914Gg6JMd8.js (152)
[0416/214550.353:INFO:CONSOLE(152)] "Event handler of 'x-storagemutated-1' event must be added on the initial evaluation of worker script.", source: https://static.whatsapp.net/rsrc.php/v4/y6/r/s914Gg6JMd8.js (152)
[0416/214953.558:INFO:CONSOLE(152)] "Event handler of 'x-storagemutated-1' event must be added on the initial evaluation of worker script.", source: https://static.whatsapp.net/rsrc.php/v4/y6/r/s914Gg6JMd8.js (152)
[0416/215104.929:INFO:CONSOLE(152)] "Event handler of 'x-storagemutated-1' event must be added on the initial evaluation of worker script.", source: https://static.whatsapp.net/rsrc.php/v4/y6/r/s914Gg6JMd8.js (152)
[0416/215415.580:INFO:CONSOLE(152)] "Event handler of 'x-storagemutated-1' event must be added on the initial evaluation of worker script.", source: https://static.whatsapp.net/rsrc.php/v4/y6/r/s914Gg6JMd8.js (152)
